<?xml version="1.0" encoding="UTF-8"?>
<!-- Generated by org.testng.reporters.JUnitReportReporter -->
<testsuite hostname="FILT076" name="TestNG.Class1" tests="1" failures="0" timestamp="26 Mar 2019 04:21:18 GMT" time="0.085" errors="0">
  <testcase name="demo" time="0.085" classname="TestNG.Class1"/>
</testsuite> <!-- TestNG.Class1 -->
