<?xml version="1.0" encoding="UTF-8"?>
<!-- Generated by org.testng.reporters.JUnitReportReporter -->
<testsuite hostname="FILT076" name="TestNG.O2_Batchexecution_suitefile" tests="3" failures="0" timestamp="28 Mar 2019 04:40:24 GMT" time="0.277" errors="0">
  <testcase name="dummy" time="0.045" classname="TestNG.O2_Batchexecution_suitefile"/>
  <testcase name="demo" time="0.215" classname="TestNG.O2_Batchexecution_suitefile"/>
  <testcase name="prototype" time="0.017" classname="TestNG.O2_Batchexecution_suitefile"/>
</testsuite> <!-- TestNG.O2_Batchexecution_suitefile -->
