<?xml version="1.0" encoding="UTF-8"?>
<!-- Generated by org.testng.reporters.JUnitReportReporter -->
<testsuite hostname="FILT076" name="TestNG.O3_Orderofscriptexecution_threeways" tests="3" failures="0" timestamp="28 Mar 2019 05:50:03 GMT" time="0.115" errors="0">
  <testcase name="demo" time="0.109" classname="TestNG.O3_Orderofscriptexecution_threeways"/>
  <testcase name="dummy" time="0.002" classname="TestNG.O3_Orderofscriptexecution_threeways"/>
  <testcase name="prototype" time="0.004" classname="TestNG.O3_Orderofscriptexecution_threeways"/>
</testsuite> <!-- TestNG.O3_Orderofscriptexecution_threeways -->
