<?xml version="1.0" encoding="UTF-8"?>
<!-- Generated by org.testng.reporters.JUnitReportReporter -->
<testsuite hostname="FILT076" name="o2_TestNg_Annotations.o2_After_before_method" tests="2" failures="0" timestamp="3 Apr 2019 12:22:16 GMT" time="0.117" errors="0">
  <testcase name="second" time="0.079" classname="o2_TestNg_Annotations.o2_After_before_method"/>
  <testcase name="first" time="0.038" classname="o2_TestNg_Annotations.o2_After_before_method"/>
</testsuite> <!-- o2_TestNg_Annotations.o2_After_before_method -->
