<?xml version="1.0" encoding="UTF-8"?>
<!-- Generated by org.testng.reporters.JUnitReportReporter -->
<testsuite hostname="FILT076" name="TestNG.O4_dependonmethods" tests="2" failures="0" timestamp="28 Mar 2019 05:56:21 GMT" time="0.087" errors="0">
  <testcase name="prototype" time="0.002" classname="TestNG.O4_dependonmethods"/>
  <testcase name="create_customer" time="0.085" classname="TestNG.O4_dependonmethods"/>
</testsuite> <!-- TestNG.O4_dependonmethods -->
