<?xml version="1.0" encoding="UTF-8"?>
<!-- Generated by org.testng.reporters.JUnitReportReporter -->
<testsuite hostname="FILT076" name="o1_After_before_class.O1_After_before_Class" tests="2" failures="0" timestamp="4 Apr 2019 09:30:11 GMT" time="0.074" errors="0">
  <testcase name="first" time="0.026" classname="o1_After_before_class.O1_After_before_Class"/>
  <testcase name="second" time="0.048" classname="o1_After_before_class.O1_After_before_Class"/>
</testsuite> <!-- o1_After_before_class.O1_After_before_Class -->
