<?xml version="1.0" encoding="UTF-8"?>
<!-- Generated by org.testng.reporters.JUnitReportReporter -->
<testsuite hostname="FILT076" name="o2_TestNg_Annotations.Annotation_test" tests="1" failures="0" timestamp="28 Mar 2019 13:53:26 GMT" time="0.024" errors="0">
  <testcase name="first" time="0.024" classname="o2_TestNg_Annotations.Annotation_test"/>
</testsuite> <!-- o2_TestNg_Annotations.Annotation_test -->
