<?xml version="1.0" encoding="UTF-8"?>
<!-- Generated by org.testng.reporters.JUnitReportReporter -->
<testsuite hostname="FILT076" name="TestNG.O6_Script_run_multiple_times" tests="7" failures="0" timestamp="28 Mar 2019 13:19:23 GMT" time="0.203" errors="0">
  <testcase name="dummy" time="0.007" classname="TestNG.O6_Script_run_multiple_times"/>
  <testcase name="prototype" time="0.007" classname="TestNG.O6_Script_run_multiple_times"/>
  <testcase name="prototype" time="0.009" classname="TestNG.O6_Script_run_multiple_times"/>
  <testcase name="demo" time="0.160" classname="TestNG.O6_Script_run_multiple_times"/>
  <testcase name="prototype" time="0.007" classname="TestNG.O6_Script_run_multiple_times"/>
  <testcase name="prototype" time="0.007" classname="TestNG.O6_Script_run_multiple_times"/>
  <testcase name="prototype" time="0.006" classname="TestNG.O6_Script_run_multiple_times"/>
</testsuite> <!-- TestNG.O6_Script_run_multiple_times -->
