<?xml version="1.0" encoding="UTF-8"?>
<!-- Generated by org.testng.reporters.JUnitReportReporter -->
<testsuite hostname="FILT076" name="o1_After_before_class.O2_Scenerio_After_Calss" tests="2" failures="0" timestamp="4 Apr 2019 12:17:04 GMT" time="12.735" errors="0">
  <testcase name="LoginAsNewUser" time="2.459" classname="o1_After_before_class.O2_Scenerio_After_Calss"/>
  <testcase name="CreateNewUser" time="10.276" classname="o1_After_before_class.O2_Scenerio_After_Calss"/>
</testsuite> <!-- o1_After_before_class.O2_Scenerio_After_Calss -->
