<?xml version="1.0" encoding="UTF-8"?>
<!-- Generated by org.testng.reporters.JUnitReportReporter -->
<testsuite hostname="FILT076" name="o2_TestNg_Annotations.O2A_After_before_method" tests="3" failures="0" timestamp="4 Apr 2019 02:12:28 GMT" time="34.898" errors="0">
  <testcase name="VerifyLandingPage" time="9.187" classname="o2_TestNg_Annotations.O2A_After_before_method"/>
  <testcase name="InvalidLogin" time="15.721" classname="o2_TestNg_Annotations.O2A_After_before_method"/>
  <testcase name="ValidLogin" time="9.990" classname="o2_TestNg_Annotations.O2A_After_before_method"/>
</testsuite> <!-- o2_TestNg_Annotations.O2A_After_before_method -->
