<?xml version="1.0" encoding="UTF-8"?>
<!-- Generated by org.testng.reporters.JUnitReportReporter -->
<testsuite hostname="FILT076" name="TestNG.O1_TextNG_class" tests="1" failures="0" timestamp="28 Mar 2019 04:40:24 GMT" time="0.007" errors="0">
  <testcase name="Testngclass" time="0.007" classname="TestNG.O1_TextNG_class"/>
</testsuite> <!-- TestNG.O1_TextNG_class -->
