<?xml version="1.0" encoding="UTF-8"?>
<!-- Generated by org.testng.reporters.JUnitReportReporter -->
<testsuite hostname="FILT076" name="o1_After_before_class.O1After_before_Class" tests="2" failures="0" timestamp="4 Apr 2019 09:22:40 GMT" time="0.100" errors="0">
  <testcase name="first" time="0.098" classname="o1_After_before_class.O1After_before_Class"/>
  <testcase name="second" time="0.002" classname="o1_After_before_class.O1After_before_Class"/>
</testsuite> <!-- o1_After_before_class.O1After_before_Class -->
